<?xml version="1.0" encoding="UTF-8" ?>
<testsuite tests="20" failures="17" name="TestSuite" time="0.07" errors="0" skipped="0">
  <properties>
[...]
</properties>
  <testcase classname="testquestion1.Test_MyCollection" name="Test10_Rotate_Array" time="0.03">
    <failure message="expected [{-4,-5,54,95,-14,-15,4,5}] but found [question1.MyCollection@7c0e2abd]" type="java.lang.AssertionError">java.lang.AssertionError: expected [{-4,-5,54,95,-14,-15,4,5}] but found [question1.MyCollection@7c0e2abd]
	at org.testng.Assert.fail(Assert.java:96)
	at org.testng.Assert.failNotEquals(Assert.java:776)
	at org.testng.Assert.assertEqualsImpl(Assert.java:137)
	at org.testng.Assert.assertEquals(Assert.java:118)
	at org.testng.Assert.assertEquals(Assert.java:453)
	at org.testng.Assert.assertEquals(Assert.java:463)
	at testquestion1.Test_MyCollection.Test10_Rotate_Array(Test_MyCollection.java:94)
</failure>
    <system-out>Configuring TestNG with: org.apache.maven.surefire.testng.conf.TestNG652Configurator@6f2b958e
</system-out>
  </testcase>
  <testcase classname="testquestion1.Test_MyCollection" name="Test1_Able_To_Add_New_Entry_In_Collection" time="0">
    <failure message="Assertion Failed : Not able to add number 5 in collection expected [true] but found [false]" type="java.lang.AssertionError">java.lang.AssertionError: Assertion Failed : Not able to add number 5 in collection expected [true] but found [false]
	at org.testng.Assert.fail(Assert.java:96)
	at org.testng.Assert.failNotEquals(Assert.java:776)
	at org.testng.Assert.assertTrue(Assert.java:44)
	at testquestion1.Test_MyCollection.Test1_Able_To_Add_New_Entry_In_Collection(Test_MyCollection.java:16)
</failure>
  </testcase>
  <testcase classname="testquestion1.Test_MyCollection" name="Test2_Duplicate_Entry_In_Collection" time="0"/>
  <testcase classname="testquestion1.Test_MyCollection" name="Test3_Get_Collection_Functionality" time="0.01">
    <failure message="Assertion Failed : Not able to read collection expected [{}] but found [question1.MyCollection@56f4468b]" type="java.lang.AssertionError">java.lang.AssertionError: Assertion Failed : Not able to read collection expected [{}] but found [question1.MyCollection@56f4468b]
	at org.testng.Assert.fail(Assert.java:96)
	at org.testng.Assert.failNotEquals(Assert.java:776)
	at org.testng.Assert.assertEqualsImpl(Assert.java:137)
	at org.testng.Assert.assertEquals(Assert.java:118)
	at org.testng.Assert.assertEquals(Assert.java:453)
	at testquestion1.Test_MyCollection.Test3_Get_Collection_Functionality(Test_MyCollection.java:32)
</failure>
  </testcase>
  <testcase classname="testquestion1.Test_MyCollection" name="Test4_DoubleCapacity" time="0">
    <failure message="Assertion Failed : Not able to add number in collection once it get fulled expected [{4,5,-4,-5,6}] but found [question1.MyCollection@100fc185]" type="java.lang.AssertionError">java.lang.AssertionError: Assertion Failed : Not able to add number in collection once it get fulled expected [{4,5,-4,-5,6}] but found [question1.MyCollection@100fc185]
	at org.testng.Assert.fail(Assert.java:96)
	at org.testng.Assert.failNotEquals(Assert.java:776)
	at org.testng.Assert.assertEqualsImpl(Assert.java:137)
	at org.testng.Assert.assertEquals(Assert.java:118)
	at org.testng.Assert.assertEquals(Assert.java:453)
	at testquestion1.Test_MyCollection.Test4_DoubleCapacity(Test_MyCollection.java:41)
</failure>
  </testcase>
  <testcase classname="testquestion1.Test_MyCollection" name="Test5_Remove_Functionality_If_Entry_Already_Present" time="0">
    <failure message="Assetion Failed : Not Able to delete entry from collection expected [true] but found [false]" type="java.lang.AssertionError">java.lang.AssertionError: Assetion Failed : Not Able to delete entry from collection expected [true] but found [false]
	at org.testng.Assert.fail(Assert.java:96)
	at org.testng.Assert.failNotEquals(Assert.java:776)
	at org.testng.Assert.assertTrue(Assert.java:44)
	at testquestion1.Test_MyCollection.Test5_Remove_Functionality_If_Entry_Already_Present(Test_MyCollection.java:50)
</failure>
  </testcase>
  <testcase classname="testquestion1.Test_MyCollection" name="Test6_Remove_Functionality_If_Collection_Is_Empty" time="0"/>
  <testcase classname="testquestion1.Test_MyCollection" name="Test7_Collection_Length_Functionality" time="0">
    <failure message="expected [6] but found [0]" type="java.lang.AssertionError">java.lang.AssertionError: expected [6] but found [0]
	at org.testng.Assert.fail(Assert.java:96)
	at org.testng.Assert.failNotEquals(Assert.java:776)
	at org.testng.Assert.assertEqualsImpl(Assert.java:137)
	at org.testng.Assert.assertEquals(Assert.java:118)
	at org.testng.Assert.assertEquals(Assert.java:652)
	at org.testng.Assert.assertEquals(Assert.java:662)
	at testquestion1.Test_MyCollection.Test7_Collection_Length_Functionality(Test_MyCollection.java:67)
</failure>
  </testcase>
  <testcase classname="testquestion1.Test_MyCollection" name="Test8_Search_Functionality_If_Enrty_Exists" time="0">
    <failure message="expected [4] but found [0]" type="java.lang.AssertionError">java.lang.AssertionError: expected [4] but found [0]
	at org.testng.Assert.fail(Assert.java:96)
	at org.testng.Assert.failNotEquals(Assert.java:776)
	at org.testng.Assert.assertEqualsImpl(Assert.java:137)
	at org.testng.Assert.assertEquals(Assert.java:118)
	at org.testng.Assert.assertEquals(Assert.java:652)
	at org.testng.Assert.assertEquals(Assert.java:662)
	at testquestion1.Test_MyCollection.Test8_Search_Functionality_If_Enrty_Exists(Test_MyCollection.java:76)
</failure>
  </testcase>
  <testcase classname="testquestion1.Test_MyCollection" name="Test9_Search_Functionality_If_Enrty_Not_Exists" time="0">
    <failure message="expected [-1] but found [0]" type="java.lang.AssertionError">java.lang.AssertionError: expected [-1] but found [0]
	at org.testng.Assert.fail(Assert.java:96)
	at org.testng.Assert.failNotEquals(Assert.java:776)
	at org.testng.Assert.assertEqualsImpl(Assert.java:137)
	at org.testng.Assert.assertEquals(Assert.java:118)
	at org.testng.Assert.assertEquals(Assert.java:652)
	at org.testng.Assert.assertEquals(Assert.java:662)
	at testquestion1.Test_MyCollection.Test9_Search_Functionality_If_Enrty_Not_Exists(Test_MyCollection.java:84)
</failure>
  </testcase>
  <testcase classname="testquestion2.Test_MyCollection" name="Test10_Rotate_Array" time="0.02">
    <failure type="java.lang.NullPointerException">java.lang.NullPointerException
	at question2.MyCollection.search(MyCollection.java:30)
	at question2.MyCollection.add(MyCollection.java:50)
	at testquestion2.Test_MyCollection.Test10_Rotate_Array(Test_MyCollection.java:91)
</failure>
  </testcase>
  <testcase classname="testquestion2.Test_MyCollection" name="Test1_Able_To_Add_New_Entry_In_Collection" time="0">
    <failure type="java.lang.NullPointerException">java.lang.NullPointerException
	at question2.MyCollection.search(MyCollection.java:30)
	at question2.MyCollection.add(MyCollection.java:50)
	at testquestion2.Test_MyCollection.Test1_Able_To_Add_New_Entry_In_Collection(Test_MyCollection.java:16)
</failure>
  </testcase>
  <testcase classname="testquestion2.Test_MyCollection" name="Test2_Duplicate_Entry_In_Collection" time="0">
    <failure type="java.lang.NullPointerException">java.lang.NullPointerException
	at question2.MyCollection.search(MyCollection.java:30)
	at question2.MyCollection.add(MyCollection.java:50)
	at testquestion2.Test_MyCollection.Test2_Duplicate_Entry_In_Collection(Test_MyCollection.java:23)
</failure>
  </testcase>
  <testcase classname="testquestion2.Test_MyCollection" name="Test3_Get_Collection_Functionality" time="0">
    <failure message="Assertion Failed : Not able to read collection expected [{}] but found [question2.MyCollection@2a5ca609]" type="java.lang.AssertionError">java.lang.AssertionError: Assertion Failed : Not able to read collection expected [{}] but found [question2.MyCollection@2a5ca609]
	at org.testng.Assert.fail(Assert.java:96)
	at org.testng.Assert.failNotEquals(Assert.java:776)
	at org.testng.Assert.assertEqualsImpl(Assert.java:137)
	at org.testng.Assert.assertEquals(Assert.java:118)
	at org.testng.Assert.assertEquals(Assert.java:453)
	at testquestion2.Test_MyCollection.Test3_Get_Collection_Functionality(Test_MyCollection.java:32)
</failure>
  </testcase>
  <testcase classname="testquestion2.Test_MyCollection" name="Test4_DoubleCapacity" time="0">
    <failure type="java.lang.NullPointerException">java.lang.NullPointerException
	at question2.MyCollection.search(MyCollection.java:30)
	at question2.MyCollection.add(MyCollection.java:50)
	at testquestion2.Test_MyCollection.Test4_DoubleCapacity(Test_MyCollection.java:39)
</failure>
  </testcase>
  <testcase classname="testquestion2.Test_MyCollection" name="Test5_Remove_Functionality_If_Entry_Already_Present" time="0">
    <failure type="java.lang.NullPointerException">java.lang.NullPointerException
	at question2.MyCollection.search(MyCollection.java:30)
	at question2.MyCollection.add(MyCollection.java:50)
	at testquestion2.Test_MyCollection.Test5_Remove_Functionality_If_Entry_Already_Present(Test_MyCollection.java:48)
</failure>
  </testcase>
  <testcase classname="testquestion2.Test_MyCollection" name="Test6_Remove_Functionality_If_Collection_Is_Empty" time="0"/>
  <testcase classname="testquestion2.Test_MyCollection" name="Test7_Collection_Length_Functionality" time="0.01">
    <failure type="java.lang.NullPointerException">java.lang.NullPointerException
	at question2.MyCollection.search(MyCollection.java:30)
	at question2.MyCollection.add(MyCollection.java:50)
	at testquestion2.Test_MyCollection.Test7_Collection_Length_Functionality(Test_MyCollection.java:64)
</failure>
  </testcase>
  <testcase classname="testquestion2.Test_MyCollection" name="Test8_Search_Functionality_If_Enrty_Exists" time="0">
    <failure type="java.lang.NullPointerException">java.lang.NullPointerException
	at question2.MyCollection.search(MyCollection.java:30)
	at question2.MyCollection.add(MyCollection.java:50)
	at testquestion2.Test_MyCollection.Test8_Search_Functionality_If_Enrty_Exists(Test_MyCollection.java:73)
</failure>
  </testcase>
  <testcase classname="testquestion2.Test_MyCollection" name="Test9_Search_Functionality_If_Enrty_Not_Exists" time="0">
    <failure type="java.lang.NullPointerException">java.lang.NullPointerException
	at question2.MyCollection.search(MyCollection.java:30)
	at question2.MyCollection.add(MyCollection.java:50)
	at testquestion2.Test_MyCollection.Test9_Search_Functionality_If_Enrty_Not_Exists(Test_MyCollection.java:82)
</failure>
  </testcase>
</testsuite>